<?xml version="1.0" encoding="UTF-8"?>
<testsuites>
  <testsuite name="Core" tests="1" assertions="5" failures="0" errors="0" time="0.004763">
    <testsuite name="StackTest" file="/Users/nick/Documents/Repositories/Orbital Bridge/tests/StackTest.php" tests="1" assertions="5" failures="0" errors="0" time="0.004763">
      <testcase name="testPushAndPop" class="StackTest" file="/Users/nick/Documents/Repositories/Orbital Bridge/tests/StackTest.php" line="4" assertions="5" time="0.004763"/>
    </testsuite>
  </testsuite>
</testsuites>
